


ARM Macro Assembler    Page 1 


    1 00000000         ; Etiquetas de memoria, donde se inician los arrays del 
                       algoritmo
    2 00000000         
    3 00000000 20000000 
                       EII     EQU              0x20000000  ;Etiqueta de inicio
                                                             de la imagen
    4 00000000 2000001C 
                       EFD     EQU              0x2000001C  ;Etiqueta de inicio
                                                             de la frecuencia d
                                                            e distribución
    5 00000000 2000003C 
                       EFA     EQU              0x2000003C  ;Etiqueta de inicio
                                                             de la frecuencia a
                                                            cumulada 
    6 00000000 2000005C 
                       EDUF    EQU              0x2000005C  ;Etiqueta de inicio
                                                             de la distribución
                                                             uniforme de la fre
                                                            cuencia acumulada
    7 00000000 2000007C 
                       EFA2    EQU              0x2000007C  ;Etiqueta de la fre
                                                            cuencia acumulada p
                                                            arte 2 (acumulada d
                                                            e la frecuencia dis
                                                            tribuida)
    8 00000000 2000009C 
                       EBBM    EQU              0x2000009C  ;Etiqueta de inicio
                                                             del bloque borrado
                                                            r del mapeo
    9 00000000 200000BC 
                       ERM     EQU              0x200000BC  ;Etiqueta de inicio
                                                             del resultado del 
                                                            mapeo
   10 00000000 200000DC 
                       EIF     EQU              0x200000DC  ;Etiqueta de inicio
                                                             de la imagen final
                                                             ecualizada
   11 00000000         
   12 00000000         
   13 00000000         
   14 00000000         ; Código del programa principal
   15 00000000         ; Ecualizador V1, se trabaja con imágenes de 5x5, donde 
                       cada pixel es de 3 bits (rango de 0-7)
   16 00000000         
   17 00000000         
   18 00000000                 AREA             Main, CODE, READONLY
   19 00000000                 ENTRY
   20 00000000                 EXPORT           __main
   21 00000000         
   22 00000000         __main
   23 00000000         
   24 00000000         
   25 00000000         ; Etapa 0, se carga la imagen en memoria
   26 00000000         
   27 00000000         
   28 00000000 F04F 0100       MOV              R1,#0
   29 00000004 F04F 5200       LDR              R2,=EII
   30 00000008         ; Pixel 1
   31 00000008 F04F 0304       MOV              R3,#4



ARM Macro Assembler    Page 2 


   32 0000000C 5053            STR              R3,[R2,R1]
   33 0000000E         ; Pixel 2
   34 0000000E F101 0101       ADD              R1,R1,#1
   35 00000012 5053            STR              R3, [R2,R1]
   36 00000014         ; Pixel 3
   37 00000014 F101 0101       ADD              R1,R1,#1
   38 00000018 5053            STR              R3, [R2,R1]
   39 0000001A         ; Pixel 4
   40 0000001A F101 0101       ADD              R1,R1,#1
   41 0000001E 5053            STR              R3, [R2,R1]
   42 00000020         ; Pixel 5
   43 00000020 F101 0101       ADD              R1,R1,#1
   44 00000024 5053            STR              R3, [R2,R1]
   45 00000026         ; Pixel 6
   46 00000026 F04F 0303       MOV              R3,#3
   47 0000002A F101 0101       ADD              R1,R1,#1
   48 0000002E 5053            STR              R3, [R2,R1]
   49 00000030         ; Pixel 7
   50 00000030 F04F 0304       MOV              R3,#4
   51 00000034 F101 0101       ADD              R1,R1,#1
   52 00000038 5053            STR              R3, [R2,R1]
   53 0000003A         ; Pixel 8
   54 0000003A F04F 0305       MOV              R3,#5
   55 0000003E F101 0101       ADD              R1,R1,#1
   56 00000042 5053            STR              R3, [R2,R1]
   57 00000044         ; Pixel 9
   58 00000044 F04F 0304       MOV              R3,#4
   59 00000048 F101 0101       ADD              R1,R1,#1
   60 0000004C 5053            STR              R3, [R2,R1]
   61 0000004E         ; Pixel 10
   62 0000004E F04F 0303       MOV              R3,#3
   63 00000052 F101 0101       ADD              R1,R1,#1
   64 00000056 5053            STR              R3, [R2,R1]
   65 00000058         ; Pixel 11
   66 00000058 F101 0101       ADD              R1,R1,#1
   67 0000005C 5053            STR              R3, [R2,R1]
   68 0000005E         ; Pixel 12
   69 0000005E F04F 0305       MOV              R3,#5
   70 00000062 F101 0101       ADD              R1,R1,#1
   71 00000066 5053            STR              R3, [R2,R1]
   72 00000068         ; Pixel 13
   73 00000068 F101 0101       ADD              R1,R1,#1
   74 0000006C 5053            STR              R3, [R2,R1]
   75 0000006E         ; Pixel 14
   76 0000006E F101 0101       ADD              R1,R1,#1
   77 00000072 5053            STR              R3, [R2,R1]
   78 00000074         ; Pixel 15
   79 00000074 F04F 0303       MOV              R3,#3
   80 00000078 F101 0101       ADD              R1,R1,#1
   81 0000007C 5053            STR              R3, [R2,R1]
   82 0000007E         ; Pixel 16
   83 0000007E F101 0101       ADD              R1,R1,#1
   84 00000082 5053            STR              R3, [R2,R1]
   85 00000084         ; Pixel 17
   86 00000084 F04F 0304       MOV              R3,#4
   87 00000088 F101 0101       ADD              R1,R1,#1
   88 0000008C 5053            STR              R3, [R2,R1]
   89 0000008E         ; Pixel 18
   90 0000008E F04F 0305       MOV              R3,#5



ARM Macro Assembler    Page 3 


   91 00000092 F101 0101       ADD              R1,R1,#1
   92 00000096 5053            STR              R3, [R2,R1]
   93 00000098         ; Pixel 19
   94 00000098 F04F 0304       MOV              R3,#4
   95 0000009C F101 0101       ADD              R1,R1,#1
   96 000000A0 5053            STR              R3, [R2,R1]
   97 000000A2         ; Pixel 20
   98 000000A2 F04F 0303       MOV              R3,#3
   99 000000A6 F101 0101       ADD              R1,R1,#1
  100 000000AA 5053            STR              R3, [R2,R1]
  101 000000AC         ; Pixel 21
  102 000000AC F04F 0304       MOV              R3,#4
  103 000000B0 F101 0101       ADD              R1,R1,#1
  104 000000B4 5053            STR              R3, [R2,R1]
  105 000000B6         ; Pixel 22
  106 000000B6 F101 0101       ADD              R1,R1,#1
  107 000000BA 5053            STR              R3, [R2,R1]
  108 000000BC         ; Pixel 23
  109 000000BC F101 0101       ADD              R1,R1,#1
  110 000000C0 5053            STR              R3, [R2,R1]
  111 000000C2         ; Pixel 24
  112 000000C2 F101 0101       ADD              R1,R1,#1
  113 000000C6 5053            STR              R3, [R2,R1]
  114 000000C8         ; Pixel 25
  115 000000C8 F101 0101       ADD              R1,R1,#1
  116 000000CC 5053            STR              R3, [R2,R1]
  117 000000CE         
  118 000000CE         
  119 000000CE         
  120 000000CE         ; Etapa 1: Se obtiene la frecuencia de distribución de l
                       a imagen
  121 000000CE         
  122 000000CE F04F 5100       LDR              R1,=EII
  123 000000D2 4A78            LDR              R2,=EFD
  124 000000D4 F04F 0300       MOV              R3,#0       ;Contador de la ima
                                                            gen
  125 000000D8 F04F 0404       MOV              R4,#4
  126 000000DC F04F 0500       MOV              R5,#0       ;Pixel actual
  127 000000E0 F04F 0600       MOV              R6,#0       ;Frecuencia del pix
                                                            el actual
  128 000000E4 F04F 0000       MOV              R0,#0
  129 000000E8 F04F 0700       MOV              R7,#0
  130 000000EC         
  131 000000EC         
  132 000000EC 2820    LEFD    CMP              R0,#32
  133 000000EE D003            BEQ              CFD
  134 000000F0 5017            STR              R7,[R2,R0]
  135 000000F2 F100 0004       ADD              R0,R0,#4
  136 000000F6 E7F9            B                LEFD
  137 000000F8         
  138 000000F8         ;CFD: Ciclo de Frecuencia de Distribución
  139 000000F8         
  140 000000F8 2B19    CFD     CMP              R3,#25
  141 000000FA D009            BEQ              IE2
  142 000000FC 5CCD            LDRB             R5,[R1,R3]
  143 000000FE FB05 F704       MUL              R7,R5,R4
  144 00000102 59D6            LDR              R6,[R2,R7]
  145 00000104 F106 0601       ADD              R6,R6,#1
  146 00000108 51D6            STR              R6,[R2,R7]



ARM Macro Assembler    Page 4 


  147 0000010A F103 0301       ADD              R3,R3,#1
  148 0000010E E7F3            B                CFD
  149 00000110         
  150 00000110         ; Etapa 2: Se obtiene la frecuencia acumulada
  151 00000110         
  152 00000110 4969    IE2     LDR              R1,=EFA
  153 00000112 F04F 0300       MOV              R3,#0       ; Contador del bloq
                                                            ue de frecuencia de
                                                             distribución
  154 00000116 F04F 0400       MOV              R4,#0       ; Contador del bloq
                                                            ue de frecuencia ac
                                                            umulada
  155 0000011A 58D5            LDR              R5,[R2,R3]
  156 0000011C 510D            STR              R5,[R1,R4]
  157 0000011E F103 0304       ADD              R3,R3,#4
  158 00000122         
  159 00000122         ; CDSF: Ciclo de sumar frecuencias
  160 00000122         
  161 00000122 2B20    CDSF    CMP              R3,#32
  162 00000124 D009            BEQ              IE3
  163 00000126 58D5            LDR              R5,[R2,R3]
  164 00000128 590E            LDR              R6,[R1,R4]
  165 0000012A EB05 0706       ADD              R7,R5,R6
  166 0000012E F104 0404       ADD              R4,R4,#4
  167 00000132 510F            STR              R7,[R1,R4]
  168 00000134 F103 0304       ADD              R3,R3,#4
  169 00000138 E7F3            B                CDSF
  170 0000013A         
  171 0000013A         
  172 0000013A         ; Etapa 3: Se distribuye uniformemente la frecuencia acu
                       mulada
  173 0000013A         
  174 0000013A 4B60    IE3     LDR              R3,=EDUF
  175 0000013C 69CC            LDR              R4,[R1,#28]
  176 0000013E F04F 0508       MOV              R5,#8
  177 00000142         
  178 00000142         ;Se calcula el módulo del valor máximo de Cuf entre el v
                       alor máximo del rango
  179 00000142 FBB4 F6F5       UDIV             R6,R4,R5
  180 00000146 FB06 F705       MUL              R7,R6,R5
  181 0000014A EBA4 0807       SUB              R8,R4,R7
  182 0000014E         
  183 0000014E         ;Se calcula la parte entera de el valor máximo de Cuf en
                       tre el valor máximo del rango(N = 8 = 2**3)
  184 0000014E EA4F 09E4       ASR              R9,R4,#3
  185 00000152         
  186 00000152         ;Se utiliza el R6 como contador
  187 00000152 F04F 0600       MOV              R6,#0
  188 00000156         
  189 00000156         ;Se toman dos caminos dependiendo del módulo
  190 00000156 F1B8 0F00       CMP              R8,#0
  191 0000015A D000            BEQ              CM0         ;CM0: Ciclo cuando 
                                                            el módulo es cero
  192 0000015C E006            B                CMD0        ;CMDO: Ciclo cuando
                                                             el módulo es difer
                                                            ente de cero
  193 0000015E         
  194 0000015E         
  195 0000015E 2E20    CM0     CMP              R6,#32



ARM Macro Assembler    Page 5 


  196 00000160 D015            BEQ              IE4
  197 00000162 F843 9006       STR              R9,[R3,R6]
  198 00000166 F106 0604       ADD              R6,R6,#4
  199 0000016A E7F8            B                CM0
  200 0000016C         
  201 0000016C F04F 0707 
                       CMD0    MOV              R7,#7
  202 00000170 FB09 FA07       MUL              R10,R9,R7
  203 00000174 EBA4 0B0A       SUB              R11,R4,R10
  204 00000178 F843 B006       STR              R11,[R3,R6]
  205 0000017C F106 0604       ADD              R6,R6,#4
  206 00000180         
  207 00000180 2E20    CMD02   CMP              R6,#32
  208 00000182 D004            BEQ              IE4
  209 00000184 F843 9006       STR              R9,[R3,R6]
  210 00000188 F106 0604       ADD              R6,R6,#4
  211 0000018C E7F8            B                CMD02
  212 0000018E         
  213 0000018E         ; Etapa 4: Se obtiene la frecuencia acumulada de la frec
                       uencia distribuida
  214 0000018E         
  215 0000018E 4C4C    IE4     LDR              R4,=EFA2
  216 00000190 F04F 0500       MOV              R5,#0       ; Contador del bloq
                                                            ue de frecuencia di
                                                            stribuida
  217 00000194 F04F 0600       MOV              R6,#0       ; Contador del bloq
                                                            ue de frecuencia ac
                                                            umulada parte 2
  218 00000198 595F            LDR              R7,[R3,R5]
  219 0000019A 51A7            STR              R7,[R4,R6]
  220 0000019C F105 0504       ADD              R5,R5,#4
  221 000001A0         
  222 000001A0         ; CDSF2: Ciclo de sumar frecuencias2
  223 000001A0         
  224 000001A0 2D20    CDSF2   CMP              R5,#32
  225 000001A2 D00B            BEQ              IE5
  226 000001A4 595F            LDR              R7,[R3,R5]
  227 000001A6 F854 8006       LDR              R8,[R4,R6]
  228 000001AA EB07 0908       ADD              R9,R7,R8
  229 000001AE F106 0604       ADD              R6,R6,#4
  230 000001B2 F844 9006       STR              R9,[R4,R6]
  231 000001B6 F105 0504       ADD              R5,R5,#4
  232 000001BA E7F1            B                CDSF2
  233 000001BC         
  234 000001BC         
  235 000001BC         ; Etapa 5: Se obtiene el array del mapeo
  236 000001BC         
  237 000001BC 493E    IE5     LDR              R1,=EFA     ;CuF
  238 000001BE 4A40            LDR              R2,=EFA2    ;CuFeq
  239 000001C0 4B40            LDR              R3,=ERM     ;Resultado final de
                                                            l mapeo
  240 000001C2 F04F 0400       MOV              R4,#0       ;Contador del CuF y
                                                             del resultado del 
                                                            mapeo
  241 000001C6 F04F 0500       MOV              R5,#0       ;Límite inferior
  242 000001CA F04F 0607       MOV              R6,#7       ;Límite Superior
  243 000001CE F04F 0700       MOV              R7,#0       ;Centro
  244 000001D2 F04F 0800       MOV              R8,#0       ;Valor buscado
  245 000001D6 F04F 0900       MOV              R9,#0       ;Valor del límite i



ARM Macro Assembler    Page 6 


                                                            nferior
  246 000001DA F04F 0A00       MOV              R10,#0      ;Valor del límite  
                                                            superior
  247 000001DE F04F 0B00       MOV              R11,#0      ;Nuevo pixel mapead
                                                            o
  248 000001E2 F04F 0C00       MOV              R12,#0      ;Valor del centro
  249 000001E6         
  250 000001E6         
  251 000001E6         ;CPM: Ciclo principal del mapeo
  252 000001E6         
  253 000001E6         
  254 000001E6 2C20    CPM     CMP              R4,#32
  255 000001E8 D04F            BEQ              IE6
  256 000001EA F851 8004       LDR              R8,[R1,R4]
  257 000001EE E008            B                BBM
  258 000001F0 F843 B004 
                       FBBM    STR              R11,[R3,R4]
  259 000001F4 F104 0404       ADD              R4,R4,#4
  260 000001F8 F04F 0500       MOV              R5,#0
  261 000001FC F04F 0607       MOV              R6,#7
  262 00000200 E7F1            B                CPM
  263 00000202         
  264 00000202         ;BBM: Búsqueda binaria modificada
  265 00000202         
  266 00000202 EB05 0706 
                       BBM     ADD              R7,R5,R6
  267 00000206 EA4F 0767       ASR              R7,R7,#1
  268 0000020A F04F 0B04       MOV              R11,#4
  269 0000020E FB07 FB0B       MUL              R11,R7,R11
  270 00000212 F852 C00B       LDR              R12,[R2,R11]
  271 00000216 45C4            CMP              R12,R8
  272 00000218 D004            BEQ              AR1
  273 0000021A 42AF            CMP              R7,R5
  274 0000021C D008            BEQ              EVA1
  275 0000021E 45C4            CMP              R12,R8
  276 00000220 DC02            BGT              ALS
  277 00000222 E003            B                ALI
  278 00000224         
  279 00000224         ;AR1: Asignar resultado 1
  280 00000224         
  281 00000224 46BB    AR1     MOV              R11,R7
  282 00000226 E7E3            B                FBBM
  283 00000228         
  284 00000228         ;ALS: Asignar límite superior
  285 00000228         
  286 00000228 463E    ALS     MOV              R6,R7
  287 0000022A E7EA            B                BBM
  288 0000022C         
  289 0000022C         ;ALI: Asignar límite inferior
  290 0000022C         
  291 0000022C 463D    ALI     MOV              R5,R7
  292 0000022E E7E8            B                BBM
  293 00000230         
  294 00000230         ;EVA1:Etapa del valor absoluto parte 1
  295 00000230         
  296 00000230 F04F 0B04 
                       EVA1    MOV              R11,#4
  297 00000234 FB05 FB0B       MUL              R11,R5,R11
  298 00000238 F852 900B       LDR              R9,[R2,R11]



ARM Macro Assembler    Page 7 


  299 0000023C F04F 0B04       MOV              R11,#4
  300 00000240 FB06 FB0B       MUL              R11,R6,R11
  301 00000244 F852 A00B       LDR              R10,[R2,R11]
  302 00000248         
  303 00000248         ;EVA2:Etapa del valor absoluto parte 2
  304 00000248         
  305 00000248 45C1    EVA2    CMP              R9,R8
  306 0000024A D010            BEQ              AR2
  307 0000024C 45C2            CMP              R10,R8
  308 0000024E D010            BEQ              AR3
  309 00000250 EBA8 0909       SUB              R9,R8,R9
  310 00000254 EBA8 0A0A       SUB              R10,R8,R10
  311 00000258 F1B9 0F00       CMP              R9,#0
  312 0000025C DC00            BGT              CEVA2
  313 0000025E E00A            B                ABS1
  314 00000260 F1BA 0F00 
                       CEVA2   CMP              R10,#0
  315 00000264 DC00            BGT              FEVA2
  316 00000266 E00B            B                ABS2
  317 00000268 45D1    FEVA2   CMP              R9,R10
  318 0000026A DC02            BGT              AR3
  319 0000026C E7FF            B                AR2
  320 0000026E         
  321 0000026E         ;AR2: Asignar resultado 2
  322 0000026E         
  323 0000026E 46AB    AR2     MOV              R11,R5
  324 00000270 E7BE            B                FBBM
  325 00000272         
  326 00000272         ;AR3: Asignar resultado 3
  327 00000272         
  328 00000272 46B3    AR3     MOV              R11,R6
  329 00000274 E7BC            B                FBBM
  330 00000276         
  331 00000276         ;ABS1: ABS parte 1
  332 00000276         
  333 00000276 F04F 0B00 
                       ABS1    MOV              R11,#0
  334 0000027A EBAB 0909       SUB              R9,R11,R9
  335 0000027E E7EF            B                CEVA2
  336 00000280         
  337 00000280         ;ABS2: ABS parte 2
  338 00000280         
  339 00000280 F04F 0B00 
                       ABS2    MOV              R11,#0
  340 00000284 EBAB 0A0A       SUB              R10,R11,R10
  341 00000288 E7EE            B                FEVA2
  342 0000028A         
  343 0000028A         ; Etapa 6: Se mapea la imagen original en su forma ecual
                       izada
  344 0000028A         
  345 0000028A F04F 5100 
                       IE6     LDR              R1,=EII
  346 0000028E 4A0E            LDR              R2,=EIF
  347 00000290 4B0C            LDR              R3,=ERM
  348 00000292 F04F 0400       MOV              R4,#0       ;Contador de la ima
                                                            gen
  349 00000296 F04F 0A04       MOV              R10,#4
  350 0000029A         
  351 0000029A         ; CE: Ciclo de la ecualización



ARM Macro Assembler    Page 8 


  352 0000029A         
  353 0000029A 2C19    CE      CMP              R4,#25
  354 0000029C D009            BEQ              STOP
  355 0000029E 5D0E            LDRB             R6,[R1,R4]
  356 000002A0 FB06 F70A       MUL              R7,R6,R10
  357 000002A4 F853 8007       LDR              R8,[R3,R7]
  358 000002A8 F842 8004       STR              R8,[R2,R4]
  359 000002AC F104 0401       ADD              R4,R4,#1
  360 000002B0 E7F3            B                CE
  361 000002B2         
  362 000002B2 E7FE    STOP    B                STOP
  363 000002B4         
  364 000002B4         
  365 000002B4                 END
              2000001C 
              2000003C 
              2000005C 
              2000007C 
              200000BC 
              200000DC 
Command Line: --debug --xref --diag_suppress=9931 --cpu=Cortex-M3 --apcs=interw
ork --depend=.\objects\main.d -o.\objects\main.o -I.\RTE\_Cortex-M3 -IC:\Users\
User\AppData\Local\Arm\Packs\ARM\CMSIS\5.7.0\CMSIS\Core\Include -IC:\Users\User
\AppData\Local\Arm\Packs\ARM\CMSIS\5.7.0\Device\ARM\ARMCM3\Include --predefine=
"__EVAL SETA 1" --predefine="__MICROLIB SETA 1" --predefine="__UVISION_VERSION 
SETA 529" --predefine="_RTE_ SETA 1" --predefine="ARMCM3 SETA 1" --list=.\listi
ngs\main.lst main.s



ARM Macro Assembler    Page 1 Alphabetic symbol ordering
Relocatable symbols

ABS1 00000276

Symbol: ABS1
   Definitions
      At line 333 in file main.s
   Uses
      At line 313 in file main.s
Comment: ABS1 used once
ABS2 00000280

Symbol: ABS2
   Definitions
      At line 339 in file main.s
   Uses
      At line 316 in file main.s
Comment: ABS2 used once
ALI 0000022C

Symbol: ALI
   Definitions
      At line 291 in file main.s
   Uses
      At line 277 in file main.s
Comment: ALI used once
ALS 00000228

Symbol: ALS
   Definitions
      At line 286 in file main.s
   Uses
      At line 276 in file main.s
Comment: ALS used once
AR1 00000224

Symbol: AR1
   Definitions
      At line 281 in file main.s
   Uses
      At line 272 in file main.s
Comment: AR1 used once
AR2 0000026E

Symbol: AR2
   Definitions
      At line 323 in file main.s
   Uses
      At line 306 in file main.s
      At line 319 in file main.s

AR3 00000272

Symbol: AR3
   Definitions
      At line 328 in file main.s
   Uses
      At line 308 in file main.s
      At line 318 in file main.s

BBM 00000202



ARM Macro Assembler    Page 2 Alphabetic symbol ordering
Relocatable symbols


Symbol: BBM
   Definitions
      At line 266 in file main.s
   Uses
      At line 257 in file main.s
      At line 287 in file main.s
      At line 292 in file main.s

CDSF 00000122

Symbol: CDSF
   Definitions
      At line 161 in file main.s
   Uses
      At line 169 in file main.s
Comment: CDSF used once
CDSF2 000001A0

Symbol: CDSF2
   Definitions
      At line 224 in file main.s
   Uses
      At line 232 in file main.s
Comment: CDSF2 used once
CE 0000029A

Symbol: CE
   Definitions
      At line 353 in file main.s
   Uses
      At line 360 in file main.s
Comment: CE used once
CEVA2 00000260

Symbol: CEVA2
   Definitions
      At line 314 in file main.s
   Uses
      At line 312 in file main.s
      At line 335 in file main.s

CFD 000000F8

Symbol: CFD
   Definitions
      At line 140 in file main.s
   Uses
      At line 133 in file main.s
      At line 148 in file main.s

CM0 0000015E

Symbol: CM0
   Definitions
      At line 195 in file main.s
   Uses
      At line 191 in file main.s
      At line 199 in file main.s



ARM Macro Assembler    Page 3 Alphabetic symbol ordering
Relocatable symbols


CMD0 0000016C

Symbol: CMD0
   Definitions
      At line 201 in file main.s
   Uses
      At line 192 in file main.s
Comment: CMD0 used once
CMD02 00000180

Symbol: CMD02
   Definitions
      At line 207 in file main.s
   Uses
      At line 211 in file main.s
Comment: CMD02 used once
CPM 000001E6

Symbol: CPM
   Definitions
      At line 254 in file main.s
   Uses
      At line 262 in file main.s
Comment: CPM used once
EVA1 00000230

Symbol: EVA1
   Definitions
      At line 296 in file main.s
   Uses
      At line 274 in file main.s
Comment: EVA1 used once
EVA2 00000248

Symbol: EVA2
   Definitions
      At line 305 in file main.s
   Uses
      None
Comment: EVA2 unused
FBBM 000001F0

Symbol: FBBM
   Definitions
      At line 258 in file main.s
   Uses
      At line 282 in file main.s
      At line 324 in file main.s
      At line 329 in file main.s

FEVA2 00000268

Symbol: FEVA2
   Definitions
      At line 317 in file main.s
   Uses
      At line 315 in file main.s
      At line 341 in file main.s



ARM Macro Assembler    Page 4 Alphabetic symbol ordering
Relocatable symbols


IE2 00000110

Symbol: IE2
   Definitions
      At line 152 in file main.s
   Uses
      At line 141 in file main.s
Comment: IE2 used once
IE3 0000013A

Symbol: IE3
   Definitions
      At line 174 in file main.s
   Uses
      At line 162 in file main.s
Comment: IE3 used once
IE4 0000018E

Symbol: IE4
   Definitions
      At line 215 in file main.s
   Uses
      At line 196 in file main.s
      At line 208 in file main.s

IE5 000001BC

Symbol: IE5
   Definitions
      At line 237 in file main.s
   Uses
      At line 225 in file main.s
Comment: IE5 used once
IE6 0000028A

Symbol: IE6
   Definitions
      At line 345 in file main.s
   Uses
      At line 255 in file main.s
Comment: IE6 used once
LEFD 000000EC

Symbol: LEFD
   Definitions
      At line 132 in file main.s
   Uses
      At line 136 in file main.s
Comment: LEFD used once
Main 00000000

Symbol: Main
   Definitions
      At line 18 in file main.s
   Uses
      None
Comment: Main unused
STOP 000002B2



ARM Macro Assembler    Page 5 Alphabetic symbol ordering
Relocatable symbols


Symbol: STOP
   Definitions
      At line 362 in file main.s
   Uses
      At line 354 in file main.s
      At line 362 in file main.s

__main 00000000

Symbol: __main
   Definitions
      At line 22 in file main.s
   Uses
      At line 20 in file main.s
Comment: __main used once
30 symbols



ARM Macro Assembler    Page 1 Alphabetic symbol ordering
Absolute symbols

EBBM 2000009C

Symbol: EBBM
   Definitions
      At line 8 in file main.s
   Uses
      None
Comment: EBBM unused
EDUF 2000005C

Symbol: EDUF
   Definitions
      At line 6 in file main.s
   Uses
      At line 174 in file main.s
Comment: EDUF used once
EFA 2000003C

Symbol: EFA
   Definitions
      At line 5 in file main.s
   Uses
      At line 152 in file main.s
      At line 237 in file main.s

EFA2 2000007C

Symbol: EFA2
   Definitions
      At line 7 in file main.s
   Uses
      At line 215 in file main.s
      At line 238 in file main.s

EFD 2000001C

Symbol: EFD
   Definitions
      At line 4 in file main.s
   Uses
      At line 123 in file main.s
Comment: EFD used once
EIF 200000DC

Symbol: EIF
   Definitions
      At line 10 in file main.s
   Uses
      At line 346 in file main.s
Comment: EIF used once
EII 20000000

Symbol: EII
   Definitions
      At line 3 in file main.s
   Uses
      At line 29 in file main.s
      At line 122 in file main.s
      At line 345 in file main.s



ARM Macro Assembler    Page 2 Alphabetic symbol ordering
Absolute symbols


ERM 200000BC

Symbol: ERM
   Definitions
      At line 9 in file main.s
   Uses
      At line 239 in file main.s
      At line 347 in file main.s

8 symbols
375 symbols in table
