Analysis & Synthesis report for ProyectoGrupal
Wed Nov 04 13:03:04 2020
Quartus Prime Version 19.1.0 Build 670 09/22/2019 SJ Lite Edition


---------------------
; Table of Contents ;
---------------------
  1. Legal Notice
  2. Analysis & Synthesis Summary
  3. Analysis & Synthesis Settings
  4. Parallel Compilation
  5. Analysis & Synthesis Source Files Read
  6. Analysis & Synthesis Resource Usage Summary
  7. Analysis & Synthesis Resource Utilization by Entity
  8. Analysis & Synthesis DSP Block Usage Summary
  9. General Register Statistics
 10. Multiplexer Restructuring Statistics (Restructuring Performed)
 11. Parameter Settings for User Entity Instance: Top-level Entity: |UnidadLogicoAritmetica
 12. Parameter Settings for User Entity Instance: Suma:Sum
 13. Parameter Settings for User Entity Instance: Resta:Res
 14. Parameter Settings for User Entity Instance: Multiplicacion:Mul
 15. Parameter Settings for User Entity Instance: Modulo:Mod
 16. Parameter Settings for User Entity Instance: DesplazamientoDerecha:DespDer
 17. Parameter Settings for User Entity Instance: Mux8ALU:Mux8
 18. Parameter Settings for User Entity Instance: Cero:BanCer
 19. Parameter Settings for Inferred Entity Instance: Modulo:Mod|lpm_divide:Mod0
 20. Post-Synthesis Netlist Statistics for Top Partition
 21. Elapsed Time Per Partition
 22. Analysis & Synthesis Messages



----------------
; Legal Notice ;
----------------
Copyright (C) 2019  Intel Corporation. All rights reserved.
Your use of Intel Corporation's design tools, logic functions 
and other software and tools, and any partner logic 
functions, and any output files from any of the foregoing 
(including device programming or simulation files), and any 
associated documentation or information are expressly subject 
to the terms and conditions of the Intel Program License 
Subscription Agreement, the Intel Quartus Prime License Agreement,
the Intel FPGA IP License Agreement, or other applicable license
agreement, including, without limitation, that your use is for
the sole purpose of programming logic devices manufactured by
Intel and sold by Intel or its authorized distributors.  Please
refer to the applicable agreement for further details, at
https://fpgasoftware.intel.com/eula.



+-------------------------------------------------------------------------------+
; Analysis & Synthesis Summary                                                  ;
+---------------------------------+---------------------------------------------+
; Analysis & Synthesis Status     ; Successful - Wed Nov 04 13:03:04 2020       ;
; Quartus Prime Version           ; 19.1.0 Build 670 09/22/2019 SJ Lite Edition ;
; Revision Name                   ; ProyectoGrupal                              ;
; Top-level Entity Name           ; UnidadLogicoAritmetica                      ;
; Family                          ; Cyclone V                                   ;
; Logic utilization (in ALMs)     ; N/A                                         ;
; Total registers                 ; 0                                           ;
; Total pins                      ; 103                                         ;
; Total virtual pins              ; 0                                           ;
; Total block memory bits         ; 0                                           ;
; Total DSP Blocks                ; 2                                           ;
; Total HSSI RX PCSs              ; 0                                           ;
; Total HSSI PMA RX Deserializers ; 0                                           ;
; Total HSSI TX PCSs              ; 0                                           ;
; Total HSSI PMA TX Serializers   ; 0                                           ;
; Total PLLs                      ; 0                                           ;
; Total DLLs                      ; 0                                           ;
+---------------------------------+---------------------------------------------+


+-------------------------------------------------------------------------------------------------------------------------------+
; Analysis & Synthesis Settings                                                                                                 ;
+---------------------------------------------------------------------------------+------------------------+--------------------+
; Option                                                                          ; Setting                ; Default Value      ;
+---------------------------------------------------------------------------------+------------------------+--------------------+
; Device                                                                          ; 5CSEMA5F31C6           ;                    ;
; Top-level entity name                                                           ; UnidadLogicoAritmetica ; ProyectoGrupal     ;
; Family name                                                                     ; Cyclone V              ; Cyclone V          ;
; Use smart compilation                                                           ; Off                    ; Off                ;
; Enable parallel Assembler and Timing Analyzer during compilation                ; On                     ; On                 ;
; Enable compact report table                                                     ; Off                    ; Off                ;
; Restructure Multiplexers                                                        ; Auto                   ; Auto               ;
; MLAB Add Timing Constraints For Mixed-Port Feed-Through Mode Setting Don't Care ; Off                    ; Off                ;
; Create Debugging Nodes for IP Cores                                             ; Off                    ; Off                ;
; Preserve fewer node names                                                       ; On                     ; On                 ;
; Intel FPGA IP Evaluation Mode                                                   ; Enable                 ; Enable             ;
; Verilog Version                                                                 ; Verilog_2001           ; Verilog_2001       ;
; VHDL Version                                                                    ; VHDL_1993              ; VHDL_1993          ;
; State Machine Processing                                                        ; Auto                   ; Auto               ;
; Safe State Machine                                                              ; Off                    ; Off                ;
; Extract Verilog State Machines                                                  ; On                     ; On                 ;
; Extract VHDL State Machines                                                     ; On                     ; On                 ;
; Ignore Verilog initial constructs                                               ; Off                    ; Off                ;
; Iteration limit for constant Verilog loops                                      ; 5000                   ; 5000               ;
; Iteration limit for non-constant Verilog loops                                  ; 250                    ; 250                ;
; Add Pass-Through Logic to Inferred RAMs                                         ; On                     ; On                 ;
; Infer RAMs from Raw Logic                                                       ; On                     ; On                 ;
; Parallel Synthesis                                                              ; On                     ; On                 ;
; DSP Block Balancing                                                             ; Auto                   ; Auto               ;
; NOT Gate Push-Back                                                              ; On                     ; On                 ;
; Power-Up Don't Care                                                             ; On                     ; On                 ;
; Remove Redundant Logic Cells                                                    ; Off                    ; Off                ;
; Remove Duplicate Registers                                                      ; On                     ; On                 ;
; Ignore CARRY Buffers                                                            ; Off                    ; Off                ;
; Ignore CASCADE Buffers                                                          ; Off                    ; Off                ;
; Ignore GLOBAL Buffers                                                           ; Off                    ; Off                ;
; Ignore ROW GLOBAL Buffers                                                       ; Off                    ; Off                ;
; Ignore LCELL Buffers                                                            ; Off                    ; Off                ;
; Ignore SOFT Buffers                                                             ; On                     ; On                 ;
; Limit AHDL Integers to 32 Bits                                                  ; Off                    ; Off                ;
; Optimization Technique                                                          ; Balanced               ; Balanced           ;
; Carry Chain Length                                                              ; 70                     ; 70                 ;
; Auto Carry Chains                                                               ; On                     ; On                 ;
; Auto Open-Drain Pins                                                            ; On                     ; On                 ;
; Perform WYSIWYG Primitive Resynthesis                                           ; Off                    ; Off                ;
; Auto ROM Replacement                                                            ; On                     ; On                 ;
; Auto RAM Replacement                                                            ; On                     ; On                 ;
; Auto DSP Block Replacement                                                      ; On                     ; On                 ;
; Auto Shift Register Replacement                                                 ; Auto                   ; Auto               ;
; Allow Shift Register Merging across Hierarchies                                 ; Auto                   ; Auto               ;
; Auto Clock Enable Replacement                                                   ; On                     ; On                 ;
; Strict RAM Replacement                                                          ; Off                    ; Off                ;
; Allow Synchronous Control Signals                                               ; On                     ; On                 ;
; Force Use of Synchronous Clear Signals                                          ; Off                    ; Off                ;
; Auto Resource Sharing                                                           ; Off                    ; Off                ;
; Allow Any RAM Size For Recognition                                              ; Off                    ; Off                ;
; Allow Any ROM Size For Recognition                                              ; Off                    ; Off                ;
; Allow Any Shift Register Size For Recognition                                   ; Off                    ; Off                ;
; Use LogicLock Constraints during Resource Balancing                             ; On                     ; On                 ;
; Ignore translate_off and synthesis_off directives                               ; Off                    ; Off                ;
; Timing-Driven Synthesis                                                         ; On                     ; On                 ;
; Report Parameter Settings                                                       ; On                     ; On                 ;
; Report Source Assignments                                                       ; On                     ; On                 ;
; Report Connectivity Checks                                                      ; On                     ; On                 ;
; Ignore Maximum Fan-Out Assignments                                              ; Off                    ; Off                ;
; Synchronization Register Chain Length                                           ; 3                      ; 3                  ;
; Power Optimization During Synthesis                                             ; Normal compilation     ; Normal compilation ;
; HDL message level                                                               ; Level2                 ; Level2             ;
; Suppress Register Optimization Related Messages                                 ; Off                    ; Off                ;
; Number of Removed Registers Reported in Synthesis Report                        ; 5000                   ; 5000               ;
; Number of Swept Nodes Reported in Synthesis Report                              ; 5000                   ; 5000               ;
; Number of Inverted Registers Reported in Synthesis Report                       ; 100                    ; 100                ;
; Clock MUX Protection                                                            ; On                     ; On                 ;
; Auto Gated Clock Conversion                                                     ; Off                    ; Off                ;
; Block Design Naming                                                             ; Auto                   ; Auto               ;
; SDC constraint protection                                                       ; Off                    ; Off                ;
; Synthesis Effort                                                                ; Auto                   ; Auto               ;
; Shift Register Replacement - Allow Asynchronous Clear Signal                    ; On                     ; On                 ;
; Pre-Mapping Resynthesis Optimization                                            ; Off                    ; Off                ;
; Analysis & Synthesis Message Level                                              ; Medium                 ; Medium             ;
; Disable Register Merging Across Hierarchies                                     ; Auto                   ; Auto               ;
; Resource Aware Inference For Block RAM                                          ; On                     ; On                 ;
; Automatic Parallel Synthesis                                                    ; On                     ; On                 ;
; Partial Reconfiguration Bitstream ID                                            ; Off                    ; Off                ;
+---------------------------------------------------------------------------------+------------------------+--------------------+


+------------------------------------------+
; Parallel Compilation                     ;
+----------------------------+-------------+
; Processors                 ; Number      ;
+----------------------------+-------------+
; Number detected on machine ; 8           ;
; Maximum allowed            ; 8           ;
;                            ;             ;
; Average used               ; 1.00        ;
; Maximum used               ; 8           ;
;                            ;             ;
; Usage by Processor         ; % Time Used ;
;     Processor 1            ; 100.0%      ;
;     Processor 2            ;   0.0%      ;
;     Processor 3            ;   0.0%      ;
;     Processor 4            ;   0.0%      ;
;     Processor 5            ;   0.0%      ;
;     Processor 6            ;   0.0%      ;
;     Processor 7            ;   0.0%      ;
;     Processor 8            ;   0.0%      ;
+----------------------------+-------------+


+---------------------------------------------------------------------------------------------------------------------------------------------------------------------------------------------------------------+
; Analysis & Synthesis Source Files Read                                                                                                                                                                        ;
+------------------------------------------+-----------------+------------------------------+---------------------------------------------------------------------------------------------------------+---------+
; File Name with User-Entered Path         ; Used in Netlist ; File Type                    ; File Name with Absolute Path                                                                            ; Library ;
+------------------------------------------+-----------------+------------------------------+---------------------------------------------------------------------------------------------------------+---------+
; ALU/UnidadLogicoAritmetica.sv            ; yes             ; User SystemVerilog HDL File  ; C:/Users/luisd/Documents/ProjectsFPGA/ProyectoGrupalArqui1/CPU/ALU/UnidadLogicoAritmetica.sv            ;         ;
; ALU/Banderas/Negativo.sv                 ; yes             ; User SystemVerilog HDL File  ; C:/Users/luisd/Documents/ProjectsFPGA/ProyectoGrupalArqui1/CPU/ALU/Banderas/Negativo.sv                 ;         ;
; ALU/Banderas/Desborde.sv                 ; yes             ; User SystemVerilog HDL File  ; C:/Users/luisd/Documents/ProjectsFPGA/ProyectoGrupalArqui1/CPU/ALU/Banderas/Desborde.sv                 ;         ;
; ALU/Banderas/Cero.sv                     ; yes             ; User SystemVerilog HDL File  ; C:/Users/luisd/Documents/ProjectsFPGA/ProyectoGrupalArqui1/CPU/ALU/Banderas/Cero.sv                     ;         ;
; ALU/Banderas/Acarreo.sv                  ; yes             ; User SystemVerilog HDL File  ; C:/Users/luisd/Documents/ProjectsFPGA/ProyectoGrupalArqui1/CPU/ALU/Banderas/Acarreo.sv                  ;         ;
; ALU/Modulos/Mux8ALU.sv                   ; yes             ; User SystemVerilog HDL File  ; C:/Users/luisd/Documents/ProjectsFPGA/ProyectoGrupalArqui1/CPU/ALU/Modulos/Mux8ALU.sv                   ;         ;
; ALU/Operaciones/DesplazamientoDerecha.sv ; yes             ; User SystemVerilog HDL File  ; C:/Users/luisd/Documents/ProjectsFPGA/ProyectoGrupalArqui1/CPU/ALU/Operaciones/DesplazamientoDerecha.sv ;         ;
; ALU/Operaciones/Suma.sv                  ; yes             ; User SystemVerilog HDL File  ; C:/Users/luisd/Documents/ProjectsFPGA/ProyectoGrupalArqui1/CPU/ALU/Operaciones/Suma.sv                  ;         ;
; ALU/Operaciones/Resta.sv                 ; yes             ; User SystemVerilog HDL File  ; C:/Users/luisd/Documents/ProjectsFPGA/ProyectoGrupalArqui1/CPU/ALU/Operaciones/Resta.sv                 ;         ;
; ALU/Operaciones/Multiplicacion.sv        ; yes             ; User SystemVerilog HDL File  ; C:/Users/luisd/Documents/ProjectsFPGA/ProyectoGrupalArqui1/CPU/ALU/Operaciones/Multiplicacion.sv        ;         ;
; ALU/Operaciones/Modulo.sv                ; yes             ; User SystemVerilog HDL File  ; C:/Users/luisd/Documents/ProjectsFPGA/ProyectoGrupalArqui1/CPU/ALU/Operaciones/Modulo.sv                ;         ;
; lpm_divide.tdf                           ; yes             ; Megafunction                 ; c:/intelfpga_lite/19.1/quartus/libraries/megafunctions/lpm_divide.tdf                                   ;         ;
; abs_divider.inc                          ; yes             ; Megafunction                 ; c:/intelfpga_lite/19.1/quartus/libraries/megafunctions/abs_divider.inc                                  ;         ;
; sign_div_unsign.inc                      ; yes             ; Megafunction                 ; c:/intelfpga_lite/19.1/quartus/libraries/megafunctions/sign_div_unsign.inc                              ;         ;
; aglobal191.inc                           ; yes             ; Megafunction                 ; c:/intelfpga_lite/19.1/quartus/libraries/megafunctions/aglobal191.inc                                   ;         ;
; db/lpm_divide_65m.tdf                    ; yes             ; Auto-Generated Megafunction  ; C:/Users/luisd/Documents/ProjectsFPGA/ProyectoGrupalArqui1/CPU/db/lpm_divide_65m.tdf                    ;         ;
; db/sign_div_unsign_9nh.tdf               ; yes             ; Auto-Generated Megafunction  ; C:/Users/luisd/Documents/ProjectsFPGA/ProyectoGrupalArqui1/CPU/db/sign_div_unsign_9nh.tdf               ;         ;
; db/alt_u_div_o2f.tdf                     ; yes             ; Auto-Generated Megafunction  ; C:/Users/luisd/Documents/ProjectsFPGA/ProyectoGrupalArqui1/CPU/db/alt_u_div_o2f.tdf                     ;         ;
+------------------------------------------+-----------------+------------------------------+---------------------------------------------------------------------------------------------------------+---------+


+----------------------------------------------------------+
; Analysis & Synthesis Resource Usage Summary              ;
+---------------------------------------------+------------+
; Resource                                    ; Usage      ;
+---------------------------------------------+------------+
; Estimate of Logic utilization (ALMs needed) ; 753        ;
;                                             ;            ;
; Combinational ALUT usage for logic          ; 1404       ;
;     -- 7 input functions                    ; 3          ;
;     -- 6 input functions                    ; 99         ;
;     -- 5 input functions                    ; 568        ;
;     -- 4 input functions                    ; 467        ;
;     -- <=3 input functions                  ; 267        ;
;                                             ;            ;
; Dedicated logic registers                   ; 0          ;
;                                             ;            ;
; I/O pins                                    ; 103        ;
;                                             ;            ;
; Total DSP Blocks                            ; 2          ;
;                                             ;            ;
; Maximum fan-out node                        ; B[2]~input ;
; Maximum fan-out                             ; 73         ;
; Total fan-out                               ; 6694       ;
; Average fan-out                             ; 4.15       ;
+---------------------------------------------+------------+


+---------------------------------------------------------------------------------------------------------------------------------------------------------------------------------------------------------------------------------------------------------------------------------------------------------------------------------+
; Analysis & Synthesis Resource Utilization by Entity                                                                                                                                                                                                                                                                             ;
+-------------------------------------------+---------------------+---------------------------+-------------------+------------+------+--------------+------------------------------------------------------------------------------------------------------------------------------------+------------------------+--------------+
; Compilation Hierarchy Node                ; Combinational ALUTs ; Dedicated Logic Registers ; Block Memory Bits ; DSP Blocks ; Pins ; Virtual Pins ; Full Hierarchy Name                                                                                                                ; Entity Name            ; Library Name ;
+-------------------------------------------+---------------------+---------------------------+-------------------+------------+------+--------------+------------------------------------------------------------------------------------------------------------------------------------+------------------------+--------------+
; |UnidadLogicoAritmetica                   ; 1404 (0)            ; 0 (0)                     ; 0                 ; 2          ; 103  ; 0            ; |UnidadLogicoAritmetica                                                                                                            ; UnidadLogicoAritmetica ; work         ;
;    |Acarreo:BanCar|                       ; 1 (1)               ; 0 (0)                     ; 0                 ; 0          ; 0    ; 0            ; |UnidadLogicoAritmetica|Acarreo:BanCar                                                                                             ; Acarreo                ; work         ;
;    |Cero:BanCer|                          ; 15 (15)             ; 0 (0)                     ; 0                 ; 0          ; 0    ; 0            ; |UnidadLogicoAritmetica|Cero:BanCer                                                                                                ; Cero                   ; work         ;
;    |Desborde:BanOve|                      ; 2 (2)               ; 0 (0)                     ; 0                 ; 0          ; 0    ; 0            ; |UnidadLogicoAritmetica|Desborde:BanOve                                                                                            ; Desborde               ; work         ;
;    |DesplazamientoDerecha:DespDer|        ; 66 (66)             ; 0 (0)                     ; 0                 ; 0          ; 0    ; 0            ; |UnidadLogicoAritmetica|DesplazamientoDerecha:DespDer                                                                              ; DesplazamientoDerecha  ; work         ;
;    |Modulo:Mod|                           ; 1120 (0)            ; 0 (0)                     ; 0                 ; 0          ; 0    ; 0            ; |UnidadLogicoAritmetica|Modulo:Mod                                                                                                 ; Modulo                 ; work         ;
;       |lpm_divide:Mod0|                   ; 1120 (0)            ; 0 (0)                     ; 0                 ; 0          ; 0    ; 0            ; |UnidadLogicoAritmetica|Modulo:Mod|lpm_divide:Mod0                                                                                 ; lpm_divide             ; work         ;
;          |lpm_divide_65m:auto_generated|  ; 1120 (0)            ; 0 (0)                     ; 0                 ; 0          ; 0    ; 0            ; |UnidadLogicoAritmetica|Modulo:Mod|lpm_divide:Mod0|lpm_divide_65m:auto_generated                                                   ; lpm_divide_65m         ; work         ;
;             |sign_div_unsign_9nh:divider| ; 1120 (0)            ; 0 (0)                     ; 0                 ; 0          ; 0    ; 0            ; |UnidadLogicoAritmetica|Modulo:Mod|lpm_divide:Mod0|lpm_divide_65m:auto_generated|sign_div_unsign_9nh:divider                       ; sign_div_unsign_9nh    ; work         ;
;                |alt_u_div_o2f:divider|    ; 1120 (1120)         ; 0 (0)                     ; 0                 ; 0          ; 0    ; 0            ; |UnidadLogicoAritmetica|Modulo:Mod|lpm_divide:Mod0|lpm_divide_65m:auto_generated|sign_div_unsign_9nh:divider|alt_u_div_o2f:divider ; alt_u_div_o2f          ; work         ;
;    |Multiplicacion:Mul|                   ; 15 (15)             ; 0 (0)                     ; 0                 ; 2          ; 0    ; 0            ; |UnidadLogicoAritmetica|Multiplicacion:Mul                                                                                         ; Multiplicacion         ; work         ;
;    |Mux8ALU:Mux8|                         ; 118 (118)           ; 0 (0)                     ; 0                 ; 0          ; 0    ; 0            ; |UnidadLogicoAritmetica|Mux8ALU:Mux8                                                                                               ; Mux8ALU                ; work         ;
;    |Negativo:BanNeg|                      ; 1 (1)               ; 0 (0)                     ; 0                 ; 0          ; 0    ; 0            ; |UnidadLogicoAritmetica|Negativo:BanNeg                                                                                            ; Negativo               ; work         ;
;    |Resta:Res|                            ; 33 (33)             ; 0 (0)                     ; 0                 ; 0          ; 0    ; 0            ; |UnidadLogicoAritmetica|Resta:Res                                                                                                  ; Resta                  ; work         ;
;    |Suma:Sum|                             ; 33 (33)             ; 0 (0)                     ; 0                 ; 0          ; 0    ; 0            ; |UnidadLogicoAritmetica|Suma:Sum                                                                                                   ; Suma                   ; work         ;
+-------------------------------------------+---------------------+---------------------------+-------------------+------------+------+--------------+------------------------------------------------------------------------------------------------------------------------------------+------------------------+--------------+
Note: For table entries with two numbers listed, the numbers in parentheses indicate the number of resources of the given type used by the specific entity alone. The numbers listed outside of parentheses indicate the total resources of the given type used by the specific entity and all of its sub-entities in the hierarchy.


+-----------------------------------------------+
; Analysis & Synthesis DSP Block Usage Summary  ;
+---------------------------------+-------------+
; Statistic                       ; Number Used ;
+---------------------------------+-------------+
; Two Independent 18x18           ; 1           ;
; Sum of two 18x18                ; 1           ;
; Total number of DSP blocks      ; 2           ;
;                                 ;             ;
; Fixed Point Unsigned Multiplier ; 3           ;
+---------------------------------+-------------+


+------------------------------------------------------+
; General Register Statistics                          ;
+----------------------------------------------+-------+
; Statistic                                    ; Value ;
+----------------------------------------------+-------+
; Total registers                              ; 0     ;
; Number of registers using Synchronous Clear  ; 0     ;
; Number of registers using Synchronous Load   ; 0     ;
; Number of registers using Asynchronous Clear ; 0     ;
; Number of registers using Asynchronous Load  ; 0     ;
; Number of registers using Clock Enable       ; 0     ;
; Number of registers using Preset             ; 0     ;
+----------------------------------------------+-------+


+---------------------------------------------------------------------------------------------------------------------------------------------------------------------------------+
; Multiplexer Restructuring Statistics (Restructuring Performed)                                                                                                                  ;
+--------------------+-----------+---------------+----------------------+------------------------+------------+-------------------------------------------------------------------+
; Multiplexer Inputs ; Bus Width ; Baseline Area ; Area if Restructured ; Saving if Restructured ; Registered ; Example Multiplexer Output                                        ;
+--------------------+-----------+---------------+----------------------+------------------------+------------+-------------------------------------------------------------------+
; 4:1                ; 4 bits    ; 8 LEs         ; 8 LEs                ; 0 LEs                  ; No         ; |UnidadLogicoAritmetica|DesplazamientoDerecha:DespDer|ShiftRight0 ;
; 4:1                ; 4 bits    ; 8 LEs         ; 8 LEs                ; 0 LEs                  ; No         ; |UnidadLogicoAritmetica|DesplazamientoDerecha:DespDer|ShiftRight0 ;
; 4:1                ; 4 bits    ; 8 LEs         ; 8 LEs                ; 0 LEs                  ; No         ; |UnidadLogicoAritmetica|DesplazamientoDerecha:DespDer|ShiftRight0 ;
; 4:1                ; 25 bits   ; 50 LEs        ; 50 LEs               ; 0 LEs                  ; No         ; |UnidadLogicoAritmetica|DesplazamientoDerecha:DespDer|ShiftRight0 ;
; 8:1                ; 16 bits   ; 80 LEs        ; 80 LEs               ; 0 LEs                  ; No         ; |UnidadLogicoAritmetica|Mux8ALU:Mux8|Mux18                        ;
; 11:1               ; 12 bits   ; 84 LEs        ; 84 LEs               ; 0 LEs                  ; No         ; |UnidadLogicoAritmetica|Mux8ALU:Mux8|Mux4                         ;
; 14:1               ; 4 bits    ; 36 LEs        ; 36 LEs               ; 0 LEs                  ; No         ; |UnidadLogicoAritmetica|Mux8ALU:Mux8|Mux1                         ;
+--------------------+-----------+---------------+----------------------+------------------------+------------+-------------------------------------------------------------------+


+----------------------------------------------------------------------------------------+
; Parameter Settings for User Entity Instance: Top-level Entity: |UnidadLogicoAritmetica ;
+----------------+-------+---------------------------------------------------------------+
; Parameter Name ; Value ; Type                                                          ;
+----------------+-------+---------------------------------------------------------------+
; N              ; 32    ; Signed Integer                                                ;
+----------------+-------+---------------------------------------------------------------+
Note: In order to hide this table in the UI and the text report file, please set the "Show Parameter Settings in Synthesis Report" option in "Analysis and Synthesis Settings -> More Settings" to "Off".


+-------------------------------------------------------+
; Parameter Settings for User Entity Instance: Suma:Sum ;
+----------------+-------+------------------------------+
; Parameter Name ; Value ; Type                         ;
+----------------+-------+------------------------------+
; N              ; 32    ; Signed Integer               ;
+----------------+-------+------------------------------+
Note: In order to hide this table in the UI and the text report file, please set the "Show Parameter Settings in Synthesis Report" option in "Analysis and Synthesis Settings -> More Settings" to "Off".


+--------------------------------------------------------+
; Parameter Settings for User Entity Instance: Resta:Res ;
+----------------+-------+-------------------------------+
; Parameter Name ; Value ; Type                          ;
+----------------+-------+-------------------------------+
; N              ; 32    ; Signed Integer                ;
+----------------+-------+-------------------------------+
Note: In order to hide this table in the UI and the text report file, please set the "Show Parameter Settings in Synthesis Report" option in "Analysis and Synthesis Settings -> More Settings" to "Off".


+-----------------------------------------------------------------+
; Parameter Settings for User Entity Instance: Multiplicacion:Mul ;
+----------------+-------+----------------------------------------+
; Parameter Name ; Value ; Type                                   ;
+----------------+-------+----------------------------------------+
; N              ; 32    ; Signed Integer                         ;
+----------------+-------+----------------------------------------+
Note: In order to hide this table in the UI and the text report file, please set the "Show Parameter Settings in Synthesis Report" option in "Analysis and Synthesis Settings -> More Settings" to "Off".


+---------------------------------------------------------+
; Parameter Settings for User Entity Instance: Modulo:Mod ;
+----------------+-------+--------------------------------+
; Parameter Name ; Value ; Type                           ;
+----------------+-------+--------------------------------+
; N              ; 32    ; Signed Integer                 ;
+----------------+-------+--------------------------------+
Note: In order to hide this table in the UI and the text report file, please set the "Show Parameter Settings in Synthesis Report" option in "Analysis and Synthesis Settings -> More Settings" to "Off".


+----------------------------------------------------------------------------+
; Parameter Settings for User Entity Instance: DesplazamientoDerecha:DespDer ;
+----------------+-------+---------------------------------------------------+
; Parameter Name ; Value ; Type                                              ;
+----------------+-------+---------------------------------------------------+
; N              ; 32    ; Signed Integer                                    ;
+----------------+-------+---------------------------------------------------+
Note: In order to hide this table in the UI and the text report file, please set the "Show Parameter Settings in Synthesis Report" option in "Analysis and Synthesis Settings -> More Settings" to "Off".


+-----------------------------------------------------------+
; Parameter Settings for User Entity Instance: Mux8ALU:Mux8 ;
+----------------+-------+----------------------------------+
; Parameter Name ; Value ; Type                             ;
+----------------+-------+----------------------------------+
; N              ; 32    ; Signed Integer                   ;
+----------------+-------+----------------------------------+
Note: In order to hide this table in the UI and the text report file, please set the "Show Parameter Settings in Synthesis Report" option in "Analysis and Synthesis Settings -> More Settings" to "Off".


+----------------------------------------------------------+
; Parameter Settings for User Entity Instance: Cero:BanCer ;
+----------------+-------+---------------------------------+
; Parameter Name ; Value ; Type                            ;
+----------------+-------+---------------------------------+
; N              ; 32    ; Signed Integer                  ;
+----------------+-------+---------------------------------+
Note: In order to hide this table in the UI and the text report file, please set the "Show Parameter Settings in Synthesis Report" option in "Analysis and Synthesis Settings -> More Settings" to "Off".


+-----------------------------------------------------------------------------+
; Parameter Settings for Inferred Entity Instance: Modulo:Mod|lpm_divide:Mod0 ;
+------------------------+----------------+-----------------------------------+
; Parameter Name         ; Value          ; Type                              ;
+------------------------+----------------+-----------------------------------+
; LPM_WIDTHN             ; 32             ; Untyped                           ;
; LPM_WIDTHD             ; 32             ; Untyped                           ;
; LPM_NREPRESENTATION    ; UNSIGNED       ; Untyped                           ;
; LPM_DREPRESENTATION    ; UNSIGNED       ; Untyped                           ;
; LPM_PIPELINE           ; 0              ; Untyped                           ;
; LPM_REMAINDERPOSITIVE  ; TRUE           ; Untyped                           ;
; MAXIMIZE_SPEED         ; 5              ; Untyped                           ;
; CBXI_PARAMETER         ; lpm_divide_65m ; Untyped                           ;
; CARRY_CHAIN            ; MANUAL         ; Untyped                           ;
; OPTIMIZE_FOR_SPEED     ; 5              ; Untyped                           ;
; AUTO_CARRY_CHAINS      ; ON             ; AUTO_CARRY                        ;
; IGNORE_CARRY_BUFFERS   ; OFF            ; IGNORE_CARRY                      ;
; AUTO_CASCADE_CHAINS    ; ON             ; AUTO_CASCADE                      ;
; IGNORE_CASCADE_BUFFERS ; OFF            ; IGNORE_CASCADE                    ;
+------------------------+----------------+-----------------------------------+
Note: In order to hide this table in the UI and the text report file, please set the "Show Parameter Settings in Synthesis Report" option in "Analysis and Synthesis Settings -> More Settings" to "Off".


+-----------------------------------------------------+
; Post-Synthesis Netlist Statistics for Top Partition ;
+-----------------------+-----------------------------+
; Type                  ; Count                       ;
+-----------------------+-----------------------------+
; arriav_io_obuf        ; 32                          ;
; arriav_lcell_comb     ; 1404                        ;
;     arith             ; 628                         ;
;         0 data inputs ; 59                          ;
;         2 data inputs ; 76                          ;
;         5 data inputs ; 493                         ;
;     extend            ; 3                           ;
;         7 data inputs ; 3                           ;
;     normal            ; 731                         ;
;         2 data inputs ; 36                          ;
;         3 data inputs ; 57                          ;
;         4 data inputs ; 464                         ;
;         5 data inputs ; 75                          ;
;         6 data inputs ; 99                          ;
;     shared            ; 42                          ;
;         0 data inputs ; 4                           ;
;         2 data inputs ; 35                          ;
;         4 data inputs ; 3                           ;
; arriav_mac            ; 2                           ;
; boundary_port         ; 103                         ;
;                       ;                             ;
; Max LUT depth         ; 94.60                       ;
; Average LUT depth     ; 75.86                       ;
+-----------------------+-----------------------------+


+-------------------------------+
; Elapsed Time Per Partition    ;
+----------------+--------------+
; Partition Name ; Elapsed Time ;
+----------------+--------------+
; Top            ; 00:00:06     ;
+----------------+--------------+


+-------------------------------+
; Analysis & Synthesis Messages ;
+-------------------------------+
Info: *******************************************************************
Info: Running Quartus Prime Analysis & Synthesis
    Info: Version 19.1.0 Build 670 09/22/2019 SJ Lite Edition
    Info: Processing started: Wed Nov 04 13:02:44 2020
Info: Command: quartus_map --read_settings_files=on --write_settings_files=off ProyectoGrupal -c ProyectoGrupal
Warning (18236): Number of processors has not been specified which may cause overloading on shared machines.  Set the global assignment NUM_PARALLEL_PROCESSORS in your QSF to an appropriate value for best performance.
Info (20030): Parallel compilation is enabled and will use 8 of the 8 processors detected
Info (12021): Found 1 design units, including 1 entities, in source file memory.v
    Info (12023): Found entity 1: memory File: C:/Users/luisd/Documents/ProjectsFPGA/ProyectoGrupalArqui1/CPU/memory.v Line: 40
Info (12021): Found 1 design units, including 1 entities, in source file controlunit.sv
    Info (12023): Found entity 1: ControlUnit File: C:/Users/luisd/Documents/ProjectsFPGA/ProyectoGrupalArqui1/CPU/ControlUnit.sv Line: 1
Info (12021): Found 1 design units, including 1 entities, in source file controlunitdeco.sv
    Info (12023): Found entity 1: ControlUnitDeco File: C:/Users/luisd/Documents/ProjectsFPGA/ProyectoGrupalArqui1/CPU/ControlUnitDeco.sv Line: 1
Info (12021): Found 1 design units, including 1 entities, in source file extenddeco.sv
    Info (12023): Found entity 1: ExtendDeco File: C:/Users/luisd/Documents/ProjectsFPGA/ProyectoGrupalArqui1/CPU/ExtendDeco.sv Line: 1
Info (12021): Found 0 design units, including 0 entities, in source file pipelinedecode.sv
Info (12021): Found 1 design units, including 1 entities, in source file pipelineex.sv
    Info (12023): Found entity 1: PipelineEx File: C:/Users/luisd/Documents/ProjectsFPGA/ProyectoGrupalArqui1/CPU/PipelineEx.sv Line: 1
Info (12021): Found 1 design units, including 1 entities, in source file pipelinemem.sv
    Info (12023): Found entity 1: PipelineMem File: C:/Users/luisd/Documents/ProjectsFPGA/ProyectoGrupalArqui1/CPU/PipelineMem.sv Line: 1
Info (12021): Found 1 design units, including 1 entities, in source file pipelinewb.sv
    Info (12023): Found entity 1: PipelineWB File: C:/Users/luisd/Documents/ProjectsFPGA/ProyectoGrupalArqui1/CPU/PipelineWB.sv Line: 1
Info (12021): Found 1 design units, including 1 entities, in source file forwardmem.sv
    Info (12023): Found entity 1: forwardMem File: C:/Users/luisd/Documents/ProjectsFPGA/ProyectoGrupalArqui1/CPU/forwardMem.sv Line: 1
Info (12021): Found 1 design units, including 1 entities, in source file alu/unidadlogicoaritmeticatest.sv
    Info (12023): Found entity 1: UnidadLogicoAritmeticaTest File: C:/Users/luisd/Documents/ProjectsFPGA/ProyectoGrupalArqui1/CPU/ALU/UnidadLogicoAritmeticaTest.sv Line: 1
Info (12021): Found 1 design units, including 1 entities, in source file alu/unidadlogicoaritmetica.sv
    Info (12023): Found entity 1: UnidadLogicoAritmetica File: C:/Users/luisd/Documents/ProjectsFPGA/ProyectoGrupalArqui1/CPU/ALU/UnidadLogicoAritmetica.sv Line: 1
Info (12021): Found 1 design units, including 1 entities, in source file alu/banderas/negativo.sv
    Info (12023): Found entity 1: Negativo File: C:/Users/luisd/Documents/ProjectsFPGA/ProyectoGrupalArqui1/CPU/ALU/Banderas/Negativo.sv Line: 1
Info (12021): Found 1 design units, including 1 entities, in source file alu/banderas/desborde.sv
    Info (12023): Found entity 1: Desborde File: C:/Users/luisd/Documents/ProjectsFPGA/ProyectoGrupalArqui1/CPU/ALU/Banderas/Desborde.sv Line: 1
Info (12021): Found 1 design units, including 1 entities, in source file alu/banderas/cero.sv
    Info (12023): Found entity 1: Cero File: C:/Users/luisd/Documents/ProjectsFPGA/ProyectoGrupalArqui1/CPU/ALU/Banderas/Cero.sv Line: 1
Info (12021): Found 1 design units, including 1 entities, in source file alu/banderas/acarreo.sv
    Info (12023): Found entity 1: Acarreo File: C:/Users/luisd/Documents/ProjectsFPGA/ProyectoGrupalArqui1/CPU/ALU/Banderas/Acarreo.sv Line: 1
Info (12021): Found 1 design units, including 1 entities, in source file alu/modulos/mux8alu.sv
    Info (12023): Found entity 1: Mux8ALU File: C:/Users/luisd/Documents/ProjectsFPGA/ProyectoGrupalArqui1/CPU/ALU/Modulos/Mux8ALU.sv Line: 1
Info (12021): Found 1 design units, including 1 entities, in source file alu/operaciones/desplazamientoderecha.sv
    Info (12023): Found entity 1: DesplazamientoDerecha File: C:/Users/luisd/Documents/ProjectsFPGA/ProyectoGrupalArqui1/CPU/ALU/Operaciones/DesplazamientoDerecha.sv Line: 1
Info (12021): Found 1 design units, including 1 entities, in source file alu/operaciones/suma.sv
    Info (12023): Found entity 1: Suma File: C:/Users/luisd/Documents/ProjectsFPGA/ProyectoGrupalArqui1/CPU/ALU/Operaciones/Suma.sv Line: 1
Info (12021): Found 1 design units, including 1 entities, in source file alu/operaciones/resta.sv
    Info (12023): Found entity 1: Resta File: C:/Users/luisd/Documents/ProjectsFPGA/ProyectoGrupalArqui1/CPU/ALU/Operaciones/Resta.sv Line: 1
Info (12021): Found 1 design units, including 1 entities, in source file alu/operaciones/multiplicacion.sv
    Info (12023): Found entity 1: Multiplicacion File: C:/Users/luisd/Documents/ProjectsFPGA/ProyectoGrupalArqui1/CPU/ALU/Operaciones/Multiplicacion.sv Line: 1
Info (12021): Found 1 design units, including 1 entities, in source file alu/operaciones/modulo.sv
    Info (12023): Found entity 1: Modulo File: C:/Users/luisd/Documents/ProjectsFPGA/ProyectoGrupalArqui1/CPU/ALU/Operaciones/Modulo.sv Line: 1
Info (12127): Elaborating entity "UnidadLogicoAritmetica" for the top level hierarchy
Info (12128): Elaborating entity "Suma" for hierarchy "Suma:Sum" File: C:/Users/luisd/Documents/ProjectsFPGA/ProyectoGrupalArqui1/CPU/ALU/UnidadLogicoAritmetica.sv Line: 13
Info (12128): Elaborating entity "Resta" for hierarchy "Resta:Res" File: C:/Users/luisd/Documents/ProjectsFPGA/ProyectoGrupalArqui1/CPU/ALU/UnidadLogicoAritmetica.sv Line: 14
Info (12128): Elaborating entity "Multiplicacion" for hierarchy "Multiplicacion:Mul" File: C:/Users/luisd/Documents/ProjectsFPGA/ProyectoGrupalArqui1/CPU/ALU/UnidadLogicoAritmetica.sv Line: 15
Info (12128): Elaborating entity "Modulo" for hierarchy "Modulo:Mod" File: C:/Users/luisd/Documents/ProjectsFPGA/ProyectoGrupalArqui1/CPU/ALU/UnidadLogicoAritmetica.sv Line: 16
Info (12128): Elaborating entity "DesplazamientoDerecha" for hierarchy "DesplazamientoDerecha:DespDer" File: C:/Users/luisd/Documents/ProjectsFPGA/ProyectoGrupalArqui1/CPU/ALU/UnidadLogicoAritmetica.sv Line: 17
Info (12128): Elaborating entity "Mux8ALU" for hierarchy "Mux8ALU:Mux8" File: C:/Users/luisd/Documents/ProjectsFPGA/ProyectoGrupalArqui1/CPU/ALU/UnidadLogicoAritmetica.sv Line: 19
Info (12128): Elaborating entity "Negativo" for hierarchy "Negativo:BanNeg" File: C:/Users/luisd/Documents/ProjectsFPGA/ProyectoGrupalArqui1/CPU/ALU/UnidadLogicoAritmetica.sv Line: 21
Info (12128): Elaborating entity "Cero" for hierarchy "Cero:BanCer" File: C:/Users/luisd/Documents/ProjectsFPGA/ProyectoGrupalArqui1/CPU/ALU/UnidadLogicoAritmetica.sv Line: 22
Info (12128): Elaborating entity "Desborde" for hierarchy "Desborde:BanOve" File: C:/Users/luisd/Documents/ProjectsFPGA/ProyectoGrupalArqui1/CPU/ALU/UnidadLogicoAritmetica.sv Line: 23
Info (12128): Elaborating entity "Acarreo" for hierarchy "Acarreo:BanCar" File: C:/Users/luisd/Documents/ProjectsFPGA/ProyectoGrupalArqui1/CPU/ALU/UnidadLogicoAritmetica.sv Line: 24
Info (278001): Inferred 1 megafunctions from design logic
    Info (278004): Inferred divider/modulo megafunction ("lpm_divide") from the following logic: "Modulo:Mod|Mod0" File: C:/Users/luisd/Documents/ProjectsFPGA/ProyectoGrupalArqui1/CPU/ALU/Operaciones/Modulo.sv Line: 4
Info (12130): Elaborated megafunction instantiation "Modulo:Mod|lpm_divide:Mod0" File: C:/Users/luisd/Documents/ProjectsFPGA/ProyectoGrupalArqui1/CPU/ALU/Operaciones/Modulo.sv Line: 4
Info (12133): Instantiated megafunction "Modulo:Mod|lpm_divide:Mod0" with the following parameter: File: C:/Users/luisd/Documents/ProjectsFPGA/ProyectoGrupalArqui1/CPU/ALU/Operaciones/Modulo.sv Line: 4
    Info (12134): Parameter "LPM_WIDTHN" = "32"
    Info (12134): Parameter "LPM_WIDTHD" = "32"
    Info (12134): Parameter "LPM_NREPRESENTATION" = "UNSIGNED"
    Info (12134): Parameter "LPM_DREPRESENTATION" = "UNSIGNED"
Info (12021): Found 1 design units, including 1 entities, in source file db/lpm_divide_65m.tdf
    Info (12023): Found entity 1: lpm_divide_65m File: C:/Users/luisd/Documents/ProjectsFPGA/ProyectoGrupalArqui1/CPU/db/lpm_divide_65m.tdf Line: 25
Info (12021): Found 1 design units, including 1 entities, in source file db/sign_div_unsign_9nh.tdf
    Info (12023): Found entity 1: sign_div_unsign_9nh File: C:/Users/luisd/Documents/ProjectsFPGA/ProyectoGrupalArqui1/CPU/db/sign_div_unsign_9nh.tdf Line: 25
Info (12021): Found 1 design units, including 1 entities, in source file db/alt_u_div_o2f.tdf
    Info (12023): Found entity 1: alt_u_div_o2f File: C:/Users/luisd/Documents/ProjectsFPGA/ProyectoGrupalArqui1/CPU/db/alt_u_div_o2f.tdf Line: 23
Warning (13046): Tri-state node(s) do not directly drive top-level pin(s)
    Warning (13047): Converted the fan-out from the tri-state buffer "Mux8ALU:Mux8|Out[0]" to the node "Cero:BanCer|Res" into an OR gate File: C:/Users/luisd/Documents/ProjectsFPGA/ProyectoGrupalArqui1/CPU/ALU/Modulos/Mux8ALU.sv Line: 3
    Warning (13047): Converted the fan-out from the tri-state buffer "Mux8ALU:Mux8|Out[1]" to the node "Cero:BanCer|Res" into an OR gate File: C:/Users/luisd/Documents/ProjectsFPGA/ProyectoGrupalArqui1/CPU/ALU/Modulos/Mux8ALU.sv Line: 3
    Warning (13047): Converted the fan-out from the tri-state buffer "Mux8ALU:Mux8|Out[2]" to the node "Cero:BanCer|Res" into an OR gate File: C:/Users/luisd/Documents/ProjectsFPGA/ProyectoGrupalArqui1/CPU/ALU/Modulos/Mux8ALU.sv Line: 3
    Warning (13047): Converted the fan-out from the tri-state buffer "Mux8ALU:Mux8|Out[3]" to the node "Cero:BanCer|Res" into an OR gate File: C:/Users/luisd/Documents/ProjectsFPGA/ProyectoGrupalArqui1/CPU/ALU/Modulos/Mux8ALU.sv Line: 3
    Warning (13047): Converted the fan-out from the tri-state buffer "Mux8ALU:Mux8|Out[4]" to the node "Cero:BanCer|Res" into an OR gate File: C:/Users/luisd/Documents/ProjectsFPGA/ProyectoGrupalArqui1/CPU/ALU/Modulos/Mux8ALU.sv Line: 3
    Warning (13047): Converted the fan-out from the tri-state buffer "Mux8ALU:Mux8|Out[5]" to the node "Cero:BanCer|Res" into an OR gate File: C:/Users/luisd/Documents/ProjectsFPGA/ProyectoGrupalArqui1/CPU/ALU/Modulos/Mux8ALU.sv Line: 3
    Warning (13047): Converted the fan-out from the tri-state buffer "Mux8ALU:Mux8|Out[6]" to the node "Cero:BanCer|Res" into an OR gate File: C:/Users/luisd/Documents/ProjectsFPGA/ProyectoGrupalArqui1/CPU/ALU/Modulos/Mux8ALU.sv Line: 3
    Warning (13047): Converted the fan-out from the tri-state buffer "Mux8ALU:Mux8|Out[7]" to the node "Cero:BanCer|Res" into an OR gate File: C:/Users/luisd/Documents/ProjectsFPGA/ProyectoGrupalArqui1/CPU/ALU/Modulos/Mux8ALU.sv Line: 3
    Warning (13047): Converted the fan-out from the tri-state buffer "Mux8ALU:Mux8|Out[8]" to the node "Cero:BanCer|Res" into an OR gate File: C:/Users/luisd/Documents/ProjectsFPGA/ProyectoGrupalArqui1/CPU/ALU/Modulos/Mux8ALU.sv Line: 3
    Warning (13047): Converted the fan-out from the tri-state buffer "Mux8ALU:Mux8|Out[9]" to the node "Cero:BanCer|Res" into an OR gate File: C:/Users/luisd/Documents/ProjectsFPGA/ProyectoGrupalArqui1/CPU/ALU/Modulos/Mux8ALU.sv Line: 3
    Warning (13047): Converted the fan-out from the tri-state buffer "Mux8ALU:Mux8|Out[10]" to the node "Cero:BanCer|Res" into an OR gate File: C:/Users/luisd/Documents/ProjectsFPGA/ProyectoGrupalArqui1/CPU/ALU/Modulos/Mux8ALU.sv Line: 3
    Warning (13047): Converted the fan-out from the tri-state buffer "Mux8ALU:Mux8|Out[11]" to the node "Cero:BanCer|Res" into an OR gate File: C:/Users/luisd/Documents/ProjectsFPGA/ProyectoGrupalArqui1/CPU/ALU/Modulos/Mux8ALU.sv Line: 3
    Warning (13047): Converted the fan-out from the tri-state buffer "Mux8ALU:Mux8|Out[12]" to the node "Cero:BanCer|Res" into an OR gate File: C:/Users/luisd/Documents/ProjectsFPGA/ProyectoGrupalArqui1/CPU/ALU/Modulos/Mux8ALU.sv Line: 3
    Warning (13047): Converted the fan-out from the tri-state buffer "Mux8ALU:Mux8|Out[13]" to the node "Cero:BanCer|Res" into an OR gate File: C:/Users/luisd/Documents/ProjectsFPGA/ProyectoGrupalArqui1/CPU/ALU/Modulos/Mux8ALU.sv Line: 3
    Warning (13047): Converted the fan-out from the tri-state buffer "Mux8ALU:Mux8|Out[14]" to the node "Cero:BanCer|Res" into an OR gate File: C:/Users/luisd/Documents/ProjectsFPGA/ProyectoGrupalArqui1/CPU/ALU/Modulos/Mux8ALU.sv Line: 3
    Warning (13047): Converted the fan-out from the tri-state buffer "Mux8ALU:Mux8|Out[15]" to the node "Cero:BanCer|Res" into an OR gate File: C:/Users/luisd/Documents/ProjectsFPGA/ProyectoGrupalArqui1/CPU/ALU/Modulos/Mux8ALU.sv Line: 3
    Warning (13047): Converted the fan-out from the tri-state buffer "Mux8ALU:Mux8|Out[16]" to the node "Cero:BanCer|Res" into an OR gate File: C:/Users/luisd/Documents/ProjectsFPGA/ProyectoGrupalArqui1/CPU/ALU/Modulos/Mux8ALU.sv Line: 3
    Warning (13047): Converted the fan-out from the tri-state buffer "Mux8ALU:Mux8|Out[17]" to the node "Cero:BanCer|Res" into an OR gate File: C:/Users/luisd/Documents/ProjectsFPGA/ProyectoGrupalArqui1/CPU/ALU/Modulos/Mux8ALU.sv Line: 3
    Warning (13047): Converted the fan-out from the tri-state buffer "Mux8ALU:Mux8|Out[18]" to the node "Cero:BanCer|Res" into an OR gate File: C:/Users/luisd/Documents/ProjectsFPGA/ProyectoGrupalArqui1/CPU/ALU/Modulos/Mux8ALU.sv Line: 3
    Warning (13047): Converted the fan-out from the tri-state buffer "Mux8ALU:Mux8|Out[19]" to the node "Cero:BanCer|Res" into an OR gate File: C:/Users/luisd/Documents/ProjectsFPGA/ProyectoGrupalArqui1/CPU/ALU/Modulos/Mux8ALU.sv Line: 3
    Warning (13047): Converted the fan-out from the tri-state buffer "Mux8ALU:Mux8|Out[20]" to the node "Cero:BanCer|Res" into an OR gate File: C:/Users/luisd/Documents/ProjectsFPGA/ProyectoGrupalArqui1/CPU/ALU/Modulos/Mux8ALU.sv Line: 3
    Warning (13047): Converted the fan-out from the tri-state buffer "Mux8ALU:Mux8|Out[21]" to the node "Cero:BanCer|Res" into an OR gate File: C:/Users/luisd/Documents/ProjectsFPGA/ProyectoGrupalArqui1/CPU/ALU/Modulos/Mux8ALU.sv Line: 3
    Warning (13047): Converted the fan-out from the tri-state buffer "Mux8ALU:Mux8|Out[22]" to the node "Cero:BanCer|Res" into an OR gate File: C:/Users/luisd/Documents/ProjectsFPGA/ProyectoGrupalArqui1/CPU/ALU/Modulos/Mux8ALU.sv Line: 3
    Warning (13047): Converted the fan-out from the tri-state buffer "Mux8ALU:Mux8|Out[23]" to the node "Cero:BanCer|Res" into an OR gate File: C:/Users/luisd/Documents/ProjectsFPGA/ProyectoGrupalArqui1/CPU/ALU/Modulos/Mux8ALU.sv Line: 3
    Warning (13047): Converted the fan-out from the tri-state buffer "Mux8ALU:Mux8|Out[24]" to the node "Cero:BanCer|Res" into an OR gate File: C:/Users/luisd/Documents/ProjectsFPGA/ProyectoGrupalArqui1/CPU/ALU/Modulos/Mux8ALU.sv Line: 3
    Warning (13047): Converted the fan-out from the tri-state buffer "Mux8ALU:Mux8|Out[25]" to the node "Cero:BanCer|Res" into an OR gate File: C:/Users/luisd/Documents/ProjectsFPGA/ProyectoGrupalArqui1/CPU/ALU/Modulos/Mux8ALU.sv Line: 3
    Warning (13047): Converted the fan-out from the tri-state buffer "Mux8ALU:Mux8|Out[26]" to the node "Cero:BanCer|Res" into an OR gate File: C:/Users/luisd/Documents/ProjectsFPGA/ProyectoGrupalArqui1/CPU/ALU/Modulos/Mux8ALU.sv Line: 3
    Warning (13047): Converted the fan-out from the tri-state buffer "Mux8ALU:Mux8|Out[27]" to the node "Cero:BanCer|Res" into an OR gate File: C:/Users/luisd/Documents/ProjectsFPGA/ProyectoGrupalArqui1/CPU/ALU/Modulos/Mux8ALU.sv Line: 3
    Warning (13047): Converted the fan-out from the tri-state buffer "Mux8ALU:Mux8|Out[28]" to the node "Cero:BanCer|Res" into an OR gate File: C:/Users/luisd/Documents/ProjectsFPGA/ProyectoGrupalArqui1/CPU/ALU/Modulos/Mux8ALU.sv Line: 3
    Warning (13047): Converted the fan-out from the tri-state buffer "Mux8ALU:Mux8|Out[29]" to the node "Cero:BanCer|Res" into an OR gate File: C:/Users/luisd/Documents/ProjectsFPGA/ProyectoGrupalArqui1/CPU/ALU/Modulos/Mux8ALU.sv Line: 3
    Warning (13047): Converted the fan-out from the tri-state buffer "Mux8ALU:Mux8|Out[30]" to the node "Cero:BanCer|Res" into an OR gate File: C:/Users/luisd/Documents/ProjectsFPGA/ProyectoGrupalArqui1/CPU/ALU/Modulos/Mux8ALU.sv Line: 3
    Warning (13047): Converted the fan-out from the tri-state buffer "Mux8ALU:Mux8|Out[31]" to the node "Negativo:BanNeg|Res" into an OR gate File: C:/Users/luisd/Documents/ProjectsFPGA/ProyectoGrupalArqui1/CPU/ALU/Modulos/Mux8ALU.sv Line: 3
Info (286030): Timing-Driven Synthesis is running
Info (16010): Generating hard_block partition "hard_block:auto_generated_inst"
    Info (16011): Adding 0 node(s), including 0 DDIO, 0 PLL, 0 transceiver and 0 LCELL
Info (21057): Implemented 1509 device resources after synthesis - the final resource count might be different
    Info (21058): Implemented 67 input pins
    Info (21059): Implemented 36 output pins
    Info (21061): Implemented 1404 logic cells
    Info (21062): Implemented 2 DSP elements
Info: Quartus Prime Analysis & Synthesis was successful. 0 errors, 34 warnings
    Info: Peak virtual memory: 4871 megabytes
    Info: Processing ended: Wed Nov 04 13:03:04 2020
    Info: Elapsed time: 00:00:20
    Info: Total CPU time (on all processors): 00:00:36


